-------------------------------------------------------------------------------
Test set: testCRUDImage
-------------------------------------------------------------------------------
Tests run: 1, Failures: 0, Errors: 1, Skipped: 0, Time elapsed: 0.151 s <<< FAILURE! - in testCRUDImage
insertImage  Time elapsed: 0.132 s  <<< ERROR!
java.lang.NullPointerException: Cannot invoke "java.net.URL.getPath()" because the return value of "java.lang.ClassLoader.getResource(String)" is null
	at testCRUDImage.insertImage(testCRUDImage.java:71)

